<?xml version="1.0" encoding="UTF-8"?>
<!-- Generated by org.testng.reporters.JUnitReportReporter -->
<testsuite skipped="0" hostname="JKTDESBLR176" name="script.LoginTest" tests="2" failures="0" timestamp="2020-03-12T12:30:33 IST" time="32.431" errors="0">
  <testcase name="DemoTest1" time="19.872" classname="script.LoginTest"/>
  <testcase name="DemoTest2" time="12.559" classname="script.LoginTest"/>
</testsuite> <!-- script.LoginTest -->
